2025-05-16 06:47:58,972 - INFO - Logging into Dice...
2025-05-16 06:48:01,972 - INFO - Login successful.
2025-05-16 06:48:12,151 - INFO - SAVED: Data Scientist
2025-05-16 06:48:15,225 - WARNING - ❓ Unexpected apply state for Data Scientist
2025-05-16 06:48:24,456 - INFO - SAVED: Project Manager Must have AI/ML and Gen AI
2025-05-16 06:48:27,535 - WARNING - ❓ Unexpected apply state for Project Manager Must have AI/ML and Gen AI
2025-05-16 06:48:36,656 - INFO - SAVED: Senior AI/Machine Learning Engineer
2025-05-16 06:48:39,695 - WARNING - ❓ Unexpected apply state for Senior AI/Machine Learning Engineer
2025-05-16 06:48:48,872 - INFO - SAVED: ML Data Engineer - Remote
2025-05-16 06:48:51,919 - WARNING - ❓ Unexpected apply state for ML Data Engineer - Remote
2025-05-16 06:49:01,096 - INFO - SAVED: AI/ML Engineer
2025-05-16 06:49:04,123 - WARNING - ❓ Unexpected apply state for AI/ML Engineer
2025-05-16 06:49:12,914 - INFO - SAVED: AI/ML Engineer
2025-05-16 06:49:15,996 - WARNING - ❓ Unexpected apply state for AI/ML Engineer
2025-05-16 06:49:24,589 - INFO - SAVED: AI/ML Engineer
2025-05-16 06:49:27,659 - WARNING - ❓ Unexpected apply state for AI/ML Engineer
2025-05-16 06:49:37,503 - INFO - SAVED: Sr. AI/ ML Engineer -- Santa Clara, CA - Hybrid model
2025-05-16 06:49:40,541 - WARNING - ❓ Unexpected apply state for Sr. AI/ ML Engineer -- Santa Clara, CA - Hybrid model
2025-05-16 06:49:49,151 - INFO - SAVED: AI/ML Architect
2025-05-16 06:49:52,215 - WARNING - ❓ Unexpected apply state for AI/ML Architect
2025-05-16 06:50:00,801 - INFO - SAVED: ML/AI Engineer
2025-05-16 06:50:03,876 - WARNING - ❓ Unexpected apply state for ML/AI Engineer
2025-05-16 06:50:12,485 - INFO - SAVED: Machine Learning Engineer - Fremont, CA - F2F Interview
2025-05-16 06:50:15,559 - WARNING - ❓ Unexpected apply state for Machine Learning Engineer - Fremont, CA - F2F Interview
2025-05-16 06:50:24,272 - INFO - SAVED: AI/ML Lead
2025-05-16 06:50:27,340 - WARNING - ❓ Unexpected apply state for AI/ML Lead
2025-05-16 06:50:36,433 - INFO - SAVED: AI/ML Engineer:
2025-05-16 06:50:39,474 - WARNING - ❓ Unexpected apply state for AI/ML Engineer:
2025-05-16 06:50:48,089 - INFO - SAVED: Machine Learning Engineer
2025-05-16 06:50:51,166 - WARNING - ❓ Unexpected apply state for Machine Learning Engineer
2025-05-16 06:51:00,251 - INFO - SAVED: AI/ML Engineer
2025-05-16 06:51:03,316 - WARNING - ❓ Unexpected apply state for AI/ML Engineer
2025-05-16 06:51:12,453 - INFO - SAVED: AI/ML Engineer
2025-05-16 06:51:15,492 - WARNING - ❓ Unexpected apply state for AI/ML Engineer
2025-05-16 06:51:24,817 - INFO - SAVED: AI ML Engineer / Solution Architect
2025-05-16 06:51:27,883 - WARNING - ❓ Unexpected apply state for AI ML Engineer / Solution Architect
2025-05-16 06:51:36,655 - INFO - SAVED: Java Developer with AI/ML exp.
2025-05-16 06:51:39,705 - WARNING - ❓ Unexpected apply state for Java Developer with AI/ML exp.
2025-05-16 06:51:48,816 - INFO - SAVED: ML/Ops Architect
2025-05-16 06:51:51,856 - WARNING - ❓ Unexpected apply state for ML/Ops Architect
2025-05-16 06:52:01,016 - INFO - SAVED: Data Scientist with AI and Lifesciences knowledge
2025-05-16 06:52:04,040 - WARNING - ❓ Unexpected apply state for Data Scientist with AI and Lifesciences knowledge
2025-05-16 06:52:13,130 - INFO - SAVED: Data Scientist with AI ML only for Houston TX Locals
2025-05-16 06:52:16,172 - WARNING - ❓ Unexpected apply state for Data Scientist with AI ML only for Houston TX Locals
2025-05-16 06:52:26,415 - INFO - SAVED: Senior Data Scientist
2025-05-16 06:52:29,452 - WARNING - ❓ Unexpected apply state for Senior Data Scientist
2025-05-16 06:52:38,177 - INFO - SAVED: Data Scientist
2025-05-16 06:52:41,205 - WARNING - ❓ Unexpected apply state for Data Scientist
2025-05-16 06:52:50,329 - INFO - SAVED: AI/Data Scientist consultant
2025-05-16 06:52:53,377 - WARNING - ❓ Unexpected apply state for AI/Data Scientist consultant
2025-05-16 06:53:02,362 - INFO - SAVED: Lead Data Scientist (PhD) - Intelligent Forecast Application
2025-05-16 06:53:05,403 - WARNING - ❓ Unexpected apply state for Lead Data Scientist (PhD) - Intelligent Forecast Application
2025-05-16 06:53:14,048 - INFO - SAVED: Data Scientist
2025-05-16 06:53:17,117 - WARNING - ❓ Unexpected apply state for Data Scientist
2025-05-16 06:53:26,926 - INFO - SAVED: Data Scientist - REMOTE
2025-05-16 06:53:29,952 - WARNING - ❓ Unexpected apply state for Data Scientist - REMOTE
2025-05-16 06:53:39,211 - INFO - SAVED: Data Scientist
2025-05-16 06:53:42,236 - WARNING - ❓ Unexpected apply state for Data Scientist
2025-05-16 06:53:51,610 - INFO - SAVED: Data Scientist
2025-05-16 06:53:54,645 - WARNING - ❓ Unexpected apply state for Data Scientist
2025-05-16 06:54:03,293 - INFO - SAVED: Data scientist With AI
2025-05-16 06:54:06,342 - WARNING - ❓ Unexpected apply state for Data scientist With AI
2025-05-16 06:54:15,964 - INFO - SAVED: Data Scientist
2025-05-16 06:54:18,993 - WARNING - ❓ Unexpected apply state for Data Scientist
2025-05-16 06:54:27,557 - INFO - SAVED: Data Scientist + Gen AI Lead/Architect
2025-05-16 06:54:30,627 - WARNING - ❓ Unexpected apply state for Data Scientist + Gen AI Lead/Architect
2025-05-16 06:54:39,384 - INFO - SAVED: Data Scientist with AI SME
2025-05-16 06:54:42,463 - WARNING - ❓ Unexpected apply state for Data Scientist with AI SME
2025-05-16 06:54:51,038 - INFO - SAVED: Data Scientist with HIPAA, ICD, Medicare, Medicaid term experience - Woodland Hills, CA
2025-05-16 06:54:54,106 - WARNING - ❓ Unexpected apply state for Data Scientist with HIPAA, ICD, Medicare, Medicaid term experience - Woodland Hills, CA
2025-05-16 06:55:02,690 - INFO - SAVED: Data Scientist with AWS
2025-05-16 06:55:05,759 - WARNING - ❓ Unexpected apply state for Data Scientist with AWS
2025-05-16 06:55:14,321 - INFO - SAVED: DATA SCIENTIST
2025-05-16 06:55:17,389 - WARNING - ❓ Unexpected apply state for DATA SCIENTIST
2025-05-16 06:55:26,473 - INFO - SAVED: NLP Data Scientist
2025-05-16 06:55:29,536 - WARNING - ❓ Unexpected apply state for NLP Data Scientist
2025-05-16 06:55:38,175 - INFO - SAVED: Data Scientist with Healthcare, Woodland Hills, CA (Hybrid)-Local to CA-C2C- CH
2025-05-16 06:55:41,234 - WARNING - ❓ Unexpected apply state for Data Scientist with Healthcare, Woodland Hills, CA (Hybrid)-Local to CA-C2C- CH
2025-05-16 06:55:50,425 - INFO - SAVED: Machine Learning Engineer with Generative AI
2025-05-16 06:55:53,454 - WARNING - ❓ Unexpected apply state for Machine Learning Engineer with Generative AI
2025-05-16 06:55:53,643 - INFO - [DONE] Newly applied: 0 out of 39 Easy Apply jobs (Total in CSV: 39)
