2025-05-16 07:15:17,014 - INFO - Logging into Dice...
2025-05-16 07:15:19,485 - INFO - Login successful.
2025-05-16 07:15:29,992 - INFO - SAVED: Data Scientist
2025-05-16 07:15:39,213 - ERROR - FAILED to apply for Data Scientist - https://www.dice.com/job-detail/6e1e0d05-77d4-46c2-afef-db1ec845b5f4: Message: element click intercepted: Element <apply-button-wc job-id="6e1e0d05-77d4-46c2-afef-db1ec845b5f4" job-title="Data Scientist" class="hydrated"></apply-button-wc> is not clickable at point (1532, 285). Other element would receive the click: <login-dhi-modal class="theme-dice sc-login-modal sc-login-dhi-modal-h sc-login-dhi-modal-s hydrated" id="dhi-modal_nh3EStxa8Z">...</login-dhi-modal>
  (Session info: chrome=136.0.7103.94)
Stacktrace:
#0 0x55a1c33f475a <unknown>
#1 0x55a1c2e970a0 <unknown>
#2 0x55a1c2eef84c <unknown>
#3 0x55a1c2eed6ac <unknown>
#4 0x55a1c2eead42 <unknown>
#5 0x55a1c2eea440 <unknown>
#6 0x55a1c2edcb9d <unknown>
#7 0x55a1c2f0e3a2 <unknown>
#8 0x55a1c2edc51a <unknown>
#9 0x55a1c2f0e56e <unknown>
#10 0x55a1c2f342a0 <unknown>
#11 0x55a1c2f0e173 <unknown>
#12 0x55a1c2edad4b <unknown>
#13 0x55a1c2edb9b1 <unknown>
#14 0x55a1c33b990b <unknown>
#15 0x55a1c33bd80a <unknown>
#16 0x55a1c33a1662 <unknown>
#17 0x55a1c33be394 <unknown>
#18 0x55a1c338649f <unknown>
#19 0x55a1c33e2538 <unknown>
#20 0x55a1c33e2716 <unknown>
#21 0x55a1c33f35c6 <unknown>
#22 0x7fcaeb89caa4 <unknown>
#23 0x7fcaeb929c3c <unknown>

2025-05-16 07:15:48,665 - INFO - SAVED: Project Manager Must have AI/ML and Gen AI
2025-05-16 07:15:57,892 - ERROR - FAILED to apply for Project Manager Must have AI/ML and Gen AI - https://www.dice.com/job-detail/c3be7b6e-1871-45f3-9a26-f4807506cc40: Message: element click intercepted: Element <apply-button-wc job-id="c3be7b6e-1871-45f3-9a26-f4807506cc40" job-title="Project Manager Must have AI/ML and Gen AI" class="hydrated"></apply-button-wc> is not clickable at point (1532, 285). Other element would receive the click: <login-dhi-modal class="theme-dice sc-login-modal sc-login-dhi-modal-h sc-login-dhi-modal-s hydrated" id="dhi-modal_eUs-E0cQmt">...</login-dhi-modal>
  (Session info: chrome=136.0.7103.94)
Stacktrace:
#0 0x55a1c33f475a <unknown>
#1 0x55a1c2e970a0 <unknown>
#2 0x55a1c2eef84c <unknown>
#3 0x55a1c2eed6ac <unknown>
#4 0x55a1c2eead42 <unknown>
#5 0x55a1c2eea440 <unknown>
#6 0x55a1c2edcb9d <unknown>
#7 0x55a1c2f0e3a2 <unknown>
#8 0x55a1c2edc51a <unknown>
#9 0x55a1c2f0e56e <unknown>
#10 0x55a1c2f342a0 <unknown>
#11 0x55a1c2f0e173 <unknown>
#12 0x55a1c2edad4b <unknown>
#13 0x55a1c2edb9b1 <unknown>
#14 0x55a1c33b990b <unknown>
#15 0x55a1c33bd80a <unknown>
#16 0x55a1c33a1662 <unknown>
#17 0x55a1c33be394 <unknown>
#18 0x55a1c338649f <unknown>
#19 0x55a1c33e2538 <unknown>
#20 0x55a1c33e2716 <unknown>
#21 0x55a1c33f35c6 <unknown>
#22 0x7fcaeb89caa4 <unknown>
#23 0x7fcaeb929c3c <unknown>

2025-05-16 07:16:07,246 - INFO - SAVED: Senior AI/Machine Learning Engineer
2025-05-16 07:16:16,449 - ERROR - FAILED to apply for Senior AI/Machine Learning Engineer - https://www.dice.com/job-detail/3abd26fe-9bf7-4cfd-a053-c392de076fa7: Message: element click intercepted: Element <apply-button-wc job-id="3abd26fe-9bf7-4cfd-a053-c392de076fa7" job-title="Senior AI/Machine Learning Engineer" class="hydrated"></apply-button-wc> is not clickable at point (1532, 285). Other element would receive the click: <login-dhi-modal class="theme-dice sc-login-modal sc-login-dhi-modal-h sc-login-dhi-modal-s hydrated" id="dhi-modal_NTA98OQz3O">...</login-dhi-modal>
  (Session info: chrome=136.0.7103.94)
Stacktrace:
#0 0x55a1c33f475a <unknown>
#1 0x55a1c2e970a0 <unknown>
#2 0x55a1c2eef84c <unknown>
#3 0x55a1c2eed6ac <unknown>
#4 0x55a1c2eead42 <unknown>
#5 0x55a1c2eea440 <unknown>
#6 0x55a1c2edcb9d <unknown>
#7 0x55a1c2f0e3a2 <unknown>
#8 0x55a1c2edc51a <unknown>
#9 0x55a1c2f0e56e <unknown>
#10 0x55a1c2f342a0 <unknown>
#11 0x55a1c2f0e173 <unknown>
#12 0x55a1c2edad4b <unknown>
#13 0x55a1c2edb9b1 <unknown>
#14 0x55a1c33b990b <unknown>
#15 0x55a1c33bd80a <unknown>
#16 0x55a1c33a1662 <unknown>
#17 0x55a1c33be394 <unknown>
#18 0x55a1c338649f <unknown>
#19 0x55a1c33e2538 <unknown>
#20 0x55a1c33e2716 <unknown>
#21 0x55a1c33f35c6 <unknown>
#22 0x7fcaeb89caa4 <unknown>
#23 0x7fcaeb929c3c <unknown>

2025-05-16 07:16:25,676 - INFO - SAVED: ML Data Engineer - Remote
2025-05-16 07:16:34,900 - ERROR - FAILED to apply for ML Data Engineer - Remote - https://www.dice.com/job-detail/c3fa9f98-6500-4791-aa27-bf3134ab29bf: Message: element click intercepted: Element <apply-button-wc job-id="c3fa9f98-6500-4791-aa27-bf3134ab29bf" job-title="ML Data Engineer - Remote" class="hydrated"></apply-button-wc> is not clickable at point (1532, 285). Other element would receive the click: <login-dhi-modal class="theme-dice sc-login-modal sc-login-dhi-modal-h sc-login-dhi-modal-s hydrated" id="dhi-modal_KZEQmFOqMV">...</login-dhi-modal>
  (Session info: chrome=136.0.7103.94)
Stacktrace:
#0 0x55a1c33f475a <unknown>
#1 0x55a1c2e970a0 <unknown>
#2 0x55a1c2eef84c <unknown>
#3 0x55a1c2eed6ac <unknown>
#4 0x55a1c2eead42 <unknown>
#5 0x55a1c2eea440 <unknown>
#6 0x55a1c2edcb9d <unknown>
#7 0x55a1c2f0e3a2 <unknown>
#8 0x55a1c2edc51a <unknown>
#9 0x55a1c2f0e56e <unknown>
#10 0x55a1c2f342a0 <unknown>
#11 0x55a1c2f0e173 <unknown>
#12 0x55a1c2edad4b <unknown>
#13 0x55a1c2edb9b1 <unknown>
#14 0x55a1c33b990b <unknown>
#15 0x55a1c33bd80a <unknown>
#16 0x55a1c33a1662 <unknown>
#17 0x55a1c33be394 <unknown>
#18 0x55a1c338649f <unknown>
#19 0x55a1c33e2538 <unknown>
#20 0x55a1c33e2716 <unknown>
#21 0x55a1c33f35c6 <unknown>
#22 0x7fcaeb89caa4 <unknown>
#23 0x7fcaeb929c3c <unknown>

2025-05-16 07:16:44,311 - INFO - SAVED: AI/ML Engineer
2025-05-16 07:16:53,511 - ERROR - FAILED to apply for AI/ML Engineer - https://www.dice.com/job-detail/5a3b95e5-df2e-45b3-9c86-d9d61cdec052: Message: element click intercepted: Element <apply-button-wc job-id="5a3b95e5-df2e-45b3-9c86-d9d61cdec052" job-title="AI/ML Engineer" class="hydrated"></apply-button-wc> is not clickable at point (1532, 285). Other element would receive the click: <login-dhi-modal class="theme-dice sc-login-modal sc-login-dhi-modal-h sc-login-dhi-modal-s hydrated" id="dhi-modal_4Ral3nLVCJ">...</login-dhi-modal>
  (Session info: chrome=136.0.7103.94)
Stacktrace:
#0 0x55a1c33f475a <unknown>
#1 0x55a1c2e970a0 <unknown>
#2 0x55a1c2eef84c <unknown>
#3 0x55a1c2eed6ac <unknown>
#4 0x55a1c2eead42 <unknown>
#5 0x55a1c2eea440 <unknown>
#6 0x55a1c2edcb9d <unknown>
#7 0x55a1c2f0e3a2 <unknown>
#8 0x55a1c2edc51a <unknown>
#9 0x55a1c2f0e56e <unknown>
#10 0x55a1c2f342a0 <unknown>
#11 0x55a1c2f0e173 <unknown>
#12 0x55a1c2edad4b <unknown>
#13 0x55a1c2edb9b1 <unknown>
#14 0x55a1c33b990b <unknown>
#15 0x55a1c33bd80a <unknown>
#16 0x55a1c33a1662 <unknown>
#17 0x55a1c33be394 <unknown>
#18 0x55a1c338649f <unknown>
#19 0x55a1c33e2538 <unknown>
#20 0x55a1c33e2716 <unknown>
#21 0x55a1c33f35c6 <unknown>
#22 0x7fcaeb89caa4 <unknown>
#23 0x7fcaeb929c3c <unknown>

2025-05-16 07:17:02,145 - INFO - SAVED: AI/ML Engineer
2025-05-16 07:17:11,346 - ERROR - FAILED to apply for AI/ML Engineer - https://www.dice.com/job-detail/0f3169cc-4f1e-40bb-9688-170816b62294: Message: element click intercepted: Element <apply-button-wc job-id="0f3169cc-4f1e-40bb-9688-170816b62294" job-title="AI/ML Engineer" class="hydrated"></apply-button-wc> is not clickable at point (1532, 285). Other element would receive the click: <login-dhi-modal class="theme-dice sc-login-modal sc-login-dhi-modal-h sc-login-dhi-modal-s hydrated" id="dhi-modal_cOq8VySLbM">...</login-dhi-modal>
  (Session info: chrome=136.0.7103.94)
Stacktrace:
#0 0x55a1c33f475a <unknown>
#1 0x55a1c2e970a0 <unknown>
#2 0x55a1c2eef84c <unknown>
#3 0x55a1c2eed6ac <unknown>
#4 0x55a1c2eead42 <unknown>
#5 0x55a1c2eea440 <unknown>
#6 0x55a1c2edcb9d <unknown>
#7 0x55a1c2f0e3a2 <unknown>
#8 0x55a1c2edc51a <unknown>
#9 0x55a1c2f0e56e <unknown>
#10 0x55a1c2f342a0 <unknown>
#11 0x55a1c2f0e173 <unknown>
#12 0x55a1c2edad4b <unknown>
#13 0x55a1c2edb9b1 <unknown>
#14 0x55a1c33b990b <unknown>
#15 0x55a1c33bd80a <unknown>
#16 0x55a1c33a1662 <unknown>
#17 0x55a1c33be394 <unknown>
#18 0x55a1c338649f <unknown>
#19 0x55a1c33e2538 <unknown>
#20 0x55a1c33e2716 <unknown>
#21 0x55a1c33f35c6 <unknown>
#22 0x7fcaeb89caa4 <unknown>
#23 0x7fcaeb929c3c <unknown>

2025-05-16 07:17:20,018 - INFO - SAVED: AI/ML Engineer
2025-05-16 07:17:29,200 - ERROR - FAILED to apply for AI/ML Engineer - https://www.dice.com/job-detail/c08f0725-221f-4a58-8993-76a53601ce8c: Message: element click intercepted: Element <apply-button-wc job-id="c08f0725-221f-4a58-8993-76a53601ce8c" job-title="AI/ML Engineer" class="hydrated"></apply-button-wc> is not clickable at point (1532, 285). Other element would receive the click: <login-dhi-modal class="theme-dice sc-login-modal sc-login-dhi-modal-h sc-login-dhi-modal-s hydrated" id="dhi-modal_2Xb6LrjKCk">...</login-dhi-modal>
  (Session info: chrome=136.0.7103.94)
Stacktrace:
#0 0x55a1c33f475a <unknown>
#1 0x55a1c2e970a0 <unknown>
#2 0x55a1c2eef84c <unknown>
#3 0x55a1c2eed6ac <unknown>
#4 0x55a1c2eead42 <unknown>
#5 0x55a1c2eea440 <unknown>
#6 0x55a1c2edcb9d <unknown>
#7 0x55a1c2f0e3a2 <unknown>
#8 0x55a1c2edc51a <unknown>
#9 0x55a1c2f0e56e <unknown>
#10 0x55a1c2f342a0 <unknown>
#11 0x55a1c2f0e173 <unknown>
#12 0x55a1c2edad4b <unknown>
#13 0x55a1c2edb9b1 <unknown>
#14 0x55a1c33b990b <unknown>
#15 0x55a1c33bd80a <unknown>
#16 0x55a1c33a1662 <unknown>
#17 0x55a1c33be394 <unknown>
#18 0x55a1c338649f <unknown>
#19 0x55a1c33e2538 <unknown>
#20 0x55a1c33e2716 <unknown>
#21 0x55a1c33f35c6 <unknown>
#22 0x7fcaeb89caa4 <unknown>
#23 0x7fcaeb929c3c <unknown>

2025-05-16 07:17:39,105 - INFO - SAVED: Sr. AI/ ML Engineer -- Santa Clara, CA - Hybrid model
2025-05-16 07:17:48,349 - ERROR - FAILED to apply for Sr. AI/ ML Engineer -- Santa Clara, CA - Hybrid model - https://www.dice.com/job-detail/25689e65-5646-4cc7-b197-4f9fe3c7360c: Message: element click intercepted: Element <apply-button-wc job-id="25689e65-5646-4cc7-b197-4f9fe3c7360c" job-title="Sr. AI/ ML Engineer -- Santa Clara, CA - Hybrid model" class="hydrated"></apply-button-wc> is not clickable at point (1532, 285). Other element would receive the click: <login-dhi-modal class="theme-dice sc-login-modal sc-login-dhi-modal-h sc-login-dhi-modal-s hydrated" id="dhi-modal_lvKR9v_UCU">...</login-dhi-modal>
  (Session info: chrome=136.0.7103.94)
Stacktrace:
#0 0x55a1c33f475a <unknown>
#1 0x55a1c2e970a0 <unknown>
#2 0x55a1c2eef84c <unknown>
#3 0x55a1c2eed6ac <unknown>
#4 0x55a1c2eead42 <unknown>
#5 0x55a1c2eea440 <unknown>
#6 0x55a1c2edcb9d <unknown>
#7 0x55a1c2f0e3a2 <unknown>
#8 0x55a1c2edc51a <unknown>
#9 0x55a1c2f0e56e <unknown>
#10 0x55a1c2f342a0 <unknown>
#11 0x55a1c2f0e173 <unknown>
#12 0x55a1c2edad4b <unknown>
#13 0x55a1c2edb9b1 <unknown>
#14 0x55a1c33b990b <unknown>
#15 0x55a1c33bd80a <unknown>
#16 0x55a1c33a1662 <unknown>
#17 0x55a1c33be394 <unknown>
#18 0x55a1c338649f <unknown>
#19 0x55a1c33e2538 <unknown>
#20 0x55a1c33e2716 <unknown>
#21 0x55a1c33f35c6 <unknown>
#22 0x7fcaeb89caa4 <unknown>
#23 0x7fcaeb929c3c <unknown>

2025-05-16 07:17:57,010 - INFO - SAVED: AI/ML Architect
2025-05-16 07:18:06,216 - ERROR - FAILED to apply for AI/ML Architect - https://www.dice.com/job-detail/7aa091bb-42ec-49e2-93fa-fcdc708a2bdf: Message: element click intercepted: Element <apply-button-wc job-id="7aa091bb-42ec-49e2-93fa-fcdc708a2bdf" job-title="AI/ML Architect" class="hydrated"></apply-button-wc> is not clickable at point (1532, 285). Other element would receive the click: <login-dhi-modal class="theme-dice sc-login-modal sc-login-dhi-modal-h sc-login-dhi-modal-s hydrated" id="dhi-modal_IHhehND7NC">...</login-dhi-modal>
  (Session info: chrome=136.0.7103.94)
Stacktrace:
#0 0x55a1c33f475a <unknown>
#1 0x55a1c2e970a0 <unknown>
#2 0x55a1c2eef84c <unknown>
#3 0x55a1c2eed6ac <unknown>
#4 0x55a1c2eead42 <unknown>
#5 0x55a1c2eea440 <unknown>
#6 0x55a1c2edcb9d <unknown>
#7 0x55a1c2f0e3a2 <unknown>
#8 0x55a1c2edc51a <unknown>
#9 0x55a1c2f0e56e <unknown>
#10 0x55a1c2f342a0 <unknown>
#11 0x55a1c2f0e173 <unknown>
#12 0x55a1c2edad4b <unknown>
#13 0x55a1c2edb9b1 <unknown>
#14 0x55a1c33b990b <unknown>
#15 0x55a1c33bd80a <unknown>
#16 0x55a1c33a1662 <unknown>
#17 0x55a1c33be394 <unknown>
#18 0x55a1c338649f <unknown>
#19 0x55a1c33e2538 <unknown>
#20 0x55a1c33e2716 <unknown>
#21 0x55a1c33f35c6 <unknown>
#22 0x7fcaeb89caa4 <unknown>
#23 0x7fcaeb929c3c <unknown>

2025-05-16 07:18:14,852 - INFO - SAVED: ML/AI Engineer
2025-05-16 07:18:24,081 - ERROR - FAILED to apply for ML/AI Engineer - https://www.dice.com/job-detail/c3aa9261-6a10-422b-bd18-148a6b752274: Message: element click intercepted: Element <apply-button-wc job-id="c3aa9261-6a10-422b-bd18-148a6b752274" job-title="ML/AI Engineer" class="hydrated"></apply-button-wc> is not clickable at point (1532, 285). Other element would receive the click: <login-dhi-modal class="theme-dice sc-login-modal sc-login-dhi-modal-h sc-login-dhi-modal-s hydrated" id="dhi-modal_ofhwZbdILB">...</login-dhi-modal>
  (Session info: chrome=136.0.7103.94)
Stacktrace:
#0 0x55a1c33f475a <unknown>
#1 0x55a1c2e970a0 <unknown>
#2 0x55a1c2eef84c <unknown>
#3 0x55a1c2eed6ac <unknown>
#4 0x55a1c2eead42 <unknown>
#5 0x55a1c2eea440 <unknown>
#6 0x55a1c2edcb9d <unknown>
#7 0x55a1c2f0e3a2 <unknown>
#8 0x55a1c2edc51a <unknown>
#9 0x55a1c2f0e56e <unknown>
#10 0x55a1c2f342a0 <unknown>
#11 0x55a1c2f0e173 <unknown>
#12 0x55a1c2edad4b <unknown>
#13 0x55a1c2edb9b1 <unknown>
#14 0x55a1c33b990b <unknown>
#15 0x55a1c33bd80a <unknown>
#16 0x55a1c33a1662 <unknown>
#17 0x55a1c33be394 <unknown>
#18 0x55a1c338649f <unknown>
#19 0x55a1c33e2538 <unknown>
#20 0x55a1c33e2716 <unknown>
#21 0x55a1c33f35c6 <unknown>
#22 0x7fcaeb89caa4 <unknown>
#23 0x7fcaeb929c3c <unknown>

2025-05-16 07:18:33,307 - INFO - SAVED: Machine Learning Engineer - Fremont, CA - F2F Interview
2025-05-16 07:18:42,533 - ERROR - FAILED to apply for Machine Learning Engineer - Fremont, CA - F2F Interview - https://www.dice.com/job-detail/feba9d98-674a-4197-ad06-d4381031ac34: Message: element click intercepted: Element <apply-button-wc job-id="feba9d98-674a-4197-ad06-d4381031ac34" job-title="Machine Learning Engineer - Fremont, CA - F2F Interview" class="hydrated"></apply-button-wc> is not clickable at point (1532, 285). Other element would receive the click: <login-dhi-modal class="theme-dice sc-login-modal sc-login-dhi-modal-h sc-login-dhi-modal-s hydrated" id="dhi-modal_PijktMhqko">...</login-dhi-modal>
  (Session info: chrome=136.0.7103.94)
Stacktrace:
#0 0x55a1c33f475a <unknown>
#1 0x55a1c2e970a0 <unknown>
#2 0x55a1c2eef84c <unknown>
#3 0x55a1c2eed6ac <unknown>
#4 0x55a1c2eead42 <unknown>
#5 0x55a1c2eea440 <unknown>
#6 0x55a1c2edcb9d <unknown>
#7 0x55a1c2f0e3a2 <unknown>
#8 0x55a1c2edc51a <unknown>
#9 0x55a1c2f0e56e <unknown>
#10 0x55a1c2f342a0 <unknown>
#11 0x55a1c2f0e173 <unknown>
#12 0x55a1c2edad4b <unknown>
#13 0x55a1c2edb9b1 <unknown>
#14 0x55a1c33b990b <unknown>
#15 0x55a1c33bd80a <unknown>
#16 0x55a1c33a1662 <unknown>
#17 0x55a1c33be394 <unknown>
#18 0x55a1c338649f <unknown>
#19 0x55a1c33e2538 <unknown>
#20 0x55a1c33e2716 <unknown>
#21 0x55a1c33f35c6 <unknown>
#22 0x7fcaeb89caa4 <unknown>
#23 0x7fcaeb929c3c <unknown>

2025-05-16 07:18:51,168 - INFO - SAVED: AI/ML Lead
2025-05-16 07:19:00,357 - ERROR - FAILED to apply for AI/ML Lead - https://www.dice.com/job-detail/8eb7443f-2504-453e-afab-d0fa77a54abe: Message: element click intercepted: Element <apply-button-wc job-id="8eb7443f-2504-453e-afab-d0fa77a54abe" job-title="AI/ML Lead" class="hydrated"></apply-button-wc> is not clickable at point (1532, 285). Other element would receive the click: <login-dhi-modal class="theme-dice sc-login-modal sc-login-dhi-modal-h sc-login-dhi-modal-s hydrated" id="dhi-modal_SZ6jOPhof3">...</login-dhi-modal>
  (Session info: chrome=136.0.7103.94)
Stacktrace:
#0 0x55a1c33f475a <unknown>
#1 0x55a1c2e970a0 <unknown>
#2 0x55a1c2eef84c <unknown>
#3 0x55a1c2eed6ac <unknown>
#4 0x55a1c2eead42 <unknown>
#5 0x55a1c2eea440 <unknown>
#6 0x55a1c2edcb9d <unknown>
#7 0x55a1c2f0e3a2 <unknown>
#8 0x55a1c2edc51a <unknown>
#9 0x55a1c2f0e56e <unknown>
#10 0x55a1c2f342a0 <unknown>
#11 0x55a1c2f0e173 <unknown>
#12 0x55a1c2edad4b <unknown>
#13 0x55a1c2edb9b1 <unknown>
#14 0x55a1c33b990b <unknown>
#15 0x55a1c33bd80a <unknown>
#16 0x55a1c33a1662 <unknown>
#17 0x55a1c33be394 <unknown>
#18 0x55a1c338649f <unknown>
#19 0x55a1c33e2538 <unknown>
#20 0x55a1c33e2716 <unknown>
#21 0x55a1c33f35c6 <unknown>
#22 0x7fcaeb89caa4 <unknown>
#23 0x7fcaeb929c3c <unknown>

2025-05-16 07:19:09,451 - INFO - SAVED: AI/ML Engineer:
2025-05-16 07:19:18,669 - ERROR - FAILED to apply for AI/ML Engineer: - https://www.dice.com/job-detail/d3029803-de41-4252-80b0-51ceadda3247: Message: element click intercepted: Element <apply-button-wc job-id="d3029803-de41-4252-80b0-51ceadda3247" job-title="AI/ML Engineer:" class="hydrated"></apply-button-wc> is not clickable at point (1532, 285). Other element would receive the click: <login-dhi-modal class="theme-dice sc-login-modal sc-login-dhi-modal-h sc-login-dhi-modal-s hydrated" id="dhi-modal_Ht14ynqKbw">...</login-dhi-modal>
  (Session info: chrome=136.0.7103.94)
Stacktrace:
#0 0x55a1c33f475a <unknown>
#1 0x55a1c2e970a0 <unknown>
#2 0x55a1c2eef84c <unknown>
#3 0x55a1c2eed6ac <unknown>
#4 0x55a1c2eead42 <unknown>
#5 0x55a1c2eea440 <unknown>
#6 0x55a1c2edcb9d <unknown>
#7 0x55a1c2f0e3a2 <unknown>
#8 0x55a1c2edc51a <unknown>
#9 0x55a1c2f0e56e <unknown>
#10 0x55a1c2f342a0 <unknown>
#11 0x55a1c2f0e173 <unknown>
#12 0x55a1c2edad4b <unknown>
#13 0x55a1c2edb9b1 <unknown>
#14 0x55a1c33b990b <unknown>
#15 0x55a1c33bd80a <unknown>
#16 0x55a1c33a1662 <unknown>
#17 0x55a1c33be394 <unknown>
#18 0x55a1c338649f <unknown>
#19 0x55a1c33e2538 <unknown>
#20 0x55a1c33e2716 <unknown>
#21 0x55a1c33f35c6 <unknown>
#22 0x7fcaeb89caa4 <unknown>
#23 0x7fcaeb929c3c <unknown>

2025-05-16 07:19:27,354 - INFO - SAVED: Machine Learning Engineer
2025-05-16 07:19:36,573 - ERROR - FAILED to apply for Machine Learning Engineer - https://www.dice.com/job-detail/8661e385-e4ce-4f9d-b12e-8c5f901309b0: Message: element click intercepted: Element <apply-button-wc job-id="8661e385-e4ce-4f9d-b12e-8c5f901309b0" job-title="Machine Learning Engineer" class="hydrated"></apply-button-wc> is not clickable at point (1532, 285). Other element would receive the click: <login-dhi-modal class="theme-dice sc-login-modal sc-login-dhi-modal-h sc-login-dhi-modal-s hydrated" id="dhi-modal_ah-xTScfQj">...</login-dhi-modal>
  (Session info: chrome=136.0.7103.94)
Stacktrace:
#0 0x55a1c33f475a <unknown>
#1 0x55a1c2e970a0 <unknown>
#2 0x55a1c2eef84c <unknown>
#3 0x55a1c2eed6ac <unknown>
#4 0x55a1c2eead42 <unknown>
#5 0x55a1c2eea440 <unknown>
#6 0x55a1c2edcb9d <unknown>
#7 0x55a1c2f0e3a2 <unknown>
#8 0x55a1c2edc51a <unknown>
#9 0x55a1c2f0e56e <unknown>
#10 0x55a1c2f342a0 <unknown>
#11 0x55a1c2f0e173 <unknown>
#12 0x55a1c2edad4b <unknown>
#13 0x55a1c2edb9b1 <unknown>
#14 0x55a1c33b990b <unknown>
#15 0x55a1c33bd80a <unknown>
#16 0x55a1c33a1662 <unknown>
#17 0x55a1c33be394 <unknown>
#18 0x55a1c338649f <unknown>
#19 0x55a1c33e2538 <unknown>
#20 0x55a1c33e2716 <unknown>
#21 0x55a1c33f35c6 <unknown>
#22 0x7fcaeb89caa4 <unknown>
#23 0x7fcaeb929c3c <unknown>

2025-05-16 07:19:45,764 - INFO - SAVED: AI/ML Engineer
2025-05-16 07:19:54,964 - ERROR - FAILED to apply for AI/ML Engineer - https://www.dice.com/job-detail/f8671f59-f8cd-419b-ae9a-7dc834cad66d: Message: element click intercepted: Element <apply-button-wc job-id="f8671f59-f8cd-419b-ae9a-7dc834cad66d" job-title="AI/ML Engineer" class="hydrated"></apply-button-wc> is not clickable at point (1532, 285). Other element would receive the click: <login-dhi-modal class="theme-dice sc-login-modal sc-login-dhi-modal-h sc-login-dhi-modal-s hydrated" id="dhi-modal_cB1bhhiv16">...</login-dhi-modal>
  (Session info: chrome=136.0.7103.94)
Stacktrace:
#0 0x55a1c33f475a <unknown>
#1 0x55a1c2e970a0 <unknown>
#2 0x55a1c2eef84c <unknown>
#3 0x55a1c2eed6ac <unknown>
#4 0x55a1c2eead42 <unknown>
#5 0x55a1c2eea440 <unknown>
#6 0x55a1c2edcb9d <unknown>
#7 0x55a1c2f0e3a2 <unknown>
#8 0x55a1c2edc51a <unknown>
#9 0x55a1c2f0e56e <unknown>
#10 0x55a1c2f342a0 <unknown>
#11 0x55a1c2f0e173 <unknown>
#12 0x55a1c2edad4b <unknown>
#13 0x55a1c2edb9b1 <unknown>
#14 0x55a1c33b990b <unknown>
#15 0x55a1c33bd80a <unknown>
#16 0x55a1c33a1662 <unknown>
#17 0x55a1c33be394 <unknown>
#18 0x55a1c338649f <unknown>
#19 0x55a1c33e2538 <unknown>
#20 0x55a1c33e2716 <unknown>
#21 0x55a1c33f35c6 <unknown>
#22 0x7fcaeb89caa4 <unknown>
#23 0x7fcaeb929c3c <unknown>

2025-05-16 07:20:05,134 - INFO - SAVED: AI/ML Engineer
2025-05-16 07:20:14,305 - ERROR - FAILED to apply for AI/ML Engineer - https://www.dice.com/job-detail/9356eab3-8291-4dc8-82f0-b956cc52f988: Message: element click intercepted: Element <apply-button-wc job-id="9356eab3-8291-4dc8-82f0-b956cc52f988" job-title="AI/ML Engineer" class="hydrated"></apply-button-wc> is not clickable at point (1532, 285). Other element would receive the click: <login-dhi-modal class="theme-dice sc-login-modal sc-login-dhi-modal-h sc-login-dhi-modal-s hydrated" id="dhi-modal_JjrkfQD7yT">...</login-dhi-modal>
  (Session info: chrome=136.0.7103.94)
Stacktrace:
#0 0x55a1c33f475a <unknown>
#1 0x55a1c2e970a0 <unknown>
#2 0x55a1c2eef84c <unknown>
#3 0x55a1c2eed6ac <unknown>
#4 0x55a1c2eead42 <unknown>
#5 0x55a1c2eea440 <unknown>
#6 0x55a1c2edcb9d <unknown>
#7 0x55a1c2f0e3a2 <unknown>
#8 0x55a1c2edc51a <unknown>
#9 0x55a1c2f0e56e <unknown>
#10 0x55a1c2f342a0 <unknown>
#11 0x55a1c2f0e173 <unknown>
#12 0x55a1c2edad4b <unknown>
#13 0x55a1c2edb9b1 <unknown>
#14 0x55a1c33b990b <unknown>
#15 0x55a1c33bd80a <unknown>
#16 0x55a1c33a1662 <unknown>
#17 0x55a1c33be394 <unknown>
#18 0x55a1c338649f <unknown>
#19 0x55a1c33e2538 <unknown>
#20 0x55a1c33e2716 <unknown>
#21 0x55a1c33f35c6 <unknown>
#22 0x7fcaeb89caa4 <unknown>
#23 0x7fcaeb929c3c <unknown>

2025-05-16 07:20:23,471 - INFO - SAVED: AI ML Engineer / Solution Architect
2025-05-16 07:20:32,683 - ERROR - FAILED to apply for AI ML Engineer / Solution Architect - https://www.dice.com/job-detail/ca646beb-a0b9-4f59-88e2-7c31e988ad9a: Message: element click intercepted: Element <apply-button-wc job-id="ca646beb-a0b9-4f59-88e2-7c31e988ad9a" job-title="AI ML Engineer / Solution Architect" class="hydrated"></apply-button-wc> is not clickable at point (1532, 285). Other element would receive the click: <login-dhi-modal class="theme-dice sc-login-modal sc-login-dhi-modal-h sc-login-dhi-modal-s hydrated" id="dhi-modal_oixCWFyAas">...</login-dhi-modal>
  (Session info: chrome=136.0.7103.94)
Stacktrace:
#0 0x55a1c33f475a <unknown>
#1 0x55a1c2e970a0 <unknown>
#2 0x55a1c2eef84c <unknown>
#3 0x55a1c2eed6ac <unknown>
#4 0x55a1c2eead42 <unknown>
#5 0x55a1c2eea440 <unknown>
#6 0x55a1c2edcb9d <unknown>
#7 0x55a1c2f0e3a2 <unknown>
#8 0x55a1c2edc51a <unknown>
#9 0x55a1c2f0e56e <unknown>
#10 0x55a1c2f342a0 <unknown>
#11 0x55a1c2f0e173 <unknown>
#12 0x55a1c2edad4b <unknown>
#13 0x55a1c2edb9b1 <unknown>
#14 0x55a1c33b990b <unknown>
#15 0x55a1c33bd80a <unknown>
#16 0x55a1c33a1662 <unknown>
#17 0x55a1c33be394 <unknown>
#18 0x55a1c338649f <unknown>
#19 0x55a1c33e2538 <unknown>
#20 0x55a1c33e2716 <unknown>
#21 0x55a1c33f35c6 <unknown>
#22 0x7fcaeb89caa4 <unknown>
#23 0x7fcaeb929c3c <unknown>

2025-05-16 07:20:41,348 - INFO - SAVED: Java Developer with AI/ML exp.
2025-05-16 07:20:50,538 - ERROR - FAILED to apply for Java Developer with AI/ML exp. - https://www.dice.com/job-detail/fcce4812-2e81-47b7-b6a0-d99d6b9bac8a: Message: element click intercepted: Element <apply-button-wc job-id="fcce4812-2e81-47b7-b6a0-d99d6b9bac8a" job-title="Java Developer with AI/ML exp." class="hydrated"></apply-button-wc> is not clickable at point (1532, 285). Other element would receive the click: <login-dhi-modal class="theme-dice sc-login-modal sc-login-dhi-modal-h sc-login-dhi-modal-s hydrated" id="dhi-modal_Z9gqUTIO4Y">...</login-dhi-modal>
  (Session info: chrome=136.0.7103.94)
Stacktrace:
#0 0x55a1c33f475a <unknown>
#1 0x55a1c2e970a0 <unknown>
#2 0x55a1c2eef84c <unknown>
#3 0x55a1c2eed6ac <unknown>
#4 0x55a1c2eead42 <unknown>
#5 0x55a1c2eea440 <unknown>
#6 0x55a1c2edcb9d <unknown>
#7 0x55a1c2f0e3a2 <unknown>
#8 0x55a1c2edc51a <unknown>
#9 0x55a1c2f0e56e <unknown>
#10 0x55a1c2f342a0 <unknown>
#11 0x55a1c2f0e173 <unknown>
#12 0x55a1c2edad4b <unknown>
#13 0x55a1c2edb9b1 <unknown>
#14 0x55a1c33b990b <unknown>
#15 0x55a1c33bd80a <unknown>
#16 0x55a1c33a1662 <unknown>
#17 0x55a1c33be394 <unknown>
#18 0x55a1c338649f <unknown>
#19 0x55a1c33e2538 <unknown>
#20 0x55a1c33e2716 <unknown>
#21 0x55a1c33f35c6 <unknown>
#22 0x7fcaeb89caa4 <unknown>
#23 0x7fcaeb929c3c <unknown>

2025-05-16 07:20:59,717 - INFO - SAVED: ML/Ops Architect
2025-05-16 07:21:08,910 - ERROR - FAILED to apply for ML/Ops Architect - https://www.dice.com/job-detail/fc758237-e62e-433f-a82f-cfe2346e0ed1: Message: element click intercepted: Element <apply-button-wc job-id="fc758237-e62e-433f-a82f-cfe2346e0ed1" job-title="ML/Ops Architect" class="hydrated"></apply-button-wc> is not clickable at point (1532, 285). Other element would receive the click: <login-dhi-modal class="theme-dice sc-login-modal sc-login-dhi-modal-h sc-login-dhi-modal-s hydrated" id="dhi-modal_aQQoSKG6x3">...</login-dhi-modal>
  (Session info: chrome=136.0.7103.94)
Stacktrace:
#0 0x55a1c33f475a <unknown>
#1 0x55a1c2e970a0 <unknown>
#2 0x55a1c2eef84c <unknown>
#3 0x55a1c2eed6ac <unknown>
#4 0x55a1c2eead42 <unknown>
#5 0x55a1c2eea440 <unknown>
#6 0x55a1c2edcb9d <unknown>
#7 0x55a1c2f0e3a2 <unknown>
#8 0x55a1c2edc51a <unknown>
#9 0x55a1c2f0e56e <unknown>
#10 0x55a1c2f342a0 <unknown>
#11 0x55a1c2f0e173 <unknown>
#12 0x55a1c2edad4b <unknown>
#13 0x55a1c2edb9b1 <unknown>
#14 0x55a1c33b990b <unknown>
#15 0x55a1c33bd80a <unknown>
#16 0x55a1c33a1662 <unknown>
#17 0x55a1c33be394 <unknown>
#18 0x55a1c338649f <unknown>
#19 0x55a1c33e2538 <unknown>
#20 0x55a1c33e2716 <unknown>
#21 0x55a1c33f35c6 <unknown>
#22 0x7fcaeb89caa4 <unknown>
#23 0x7fcaeb929c3c <unknown>

2025-05-16 07:21:18,071 - INFO - SAVED: Data Scientist with AI and Lifesciences knowledge
2025-05-16 07:21:27,313 - ERROR - FAILED to apply for Data Scientist with AI and Lifesciences knowledge - https://www.dice.com/job-detail/0fba490b-6734-4288-86dc-d0b57dd22808: Message: element click intercepted: Element <apply-button-wc job-id="0fba490b-6734-4288-86dc-d0b57dd22808" job-title="Data Scientist with AI and Lifesciences knowledge" class="hydrated"></apply-button-wc> is not clickable at point (1532, 285). Other element would receive the click: <login-dhi-modal class="theme-dice sc-login-modal sc-login-dhi-modal-h sc-login-dhi-modal-s hydrated" id="dhi-modal_GQAbq0UN-D">...</login-dhi-modal>
  (Session info: chrome=136.0.7103.94)
Stacktrace:
#0 0x55a1c33f475a <unknown>
#1 0x55a1c2e970a0 <unknown>
#2 0x55a1c2eef84c <unknown>
#3 0x55a1c2eed6ac <unknown>
#4 0x55a1c2eead42 <unknown>
#5 0x55a1c2eea440 <unknown>
#6 0x55a1c2edcb9d <unknown>
#7 0x55a1c2f0e3a2 <unknown>
#8 0x55a1c2edc51a <unknown>
#9 0x55a1c2f0e56e <unknown>
#10 0x55a1c2f342a0 <unknown>
#11 0x55a1c2f0e173 <unknown>
#12 0x55a1c2edad4b <unknown>
#13 0x55a1c2edb9b1 <unknown>
#14 0x55a1c33b990b <unknown>
#15 0x55a1c33bd80a <unknown>
#16 0x55a1c33a1662 <unknown>
#17 0x55a1c33be394 <unknown>
#18 0x55a1c338649f <unknown>
#19 0x55a1c33e2538 <unknown>
#20 0x55a1c33e2716 <unknown>
#21 0x55a1c33f35c6 <unknown>
#22 0x7fcaeb89caa4 <unknown>
#23 0x7fcaeb929c3c <unknown>

2025-05-16 07:21:36,623 - INFO - SAVED: Data Scientist with AI ML only for Houston TX Locals
2025-05-16 07:21:45,816 - ERROR - FAILED to apply for Data Scientist with AI ML only for Houston TX Locals - https://www.dice.com/job-detail/d12a192c-0790-494c-906e-a284f7032d1a: Message: element click intercepted: Element <apply-button-wc job-id="d12a192c-0790-494c-906e-a284f7032d1a" job-title="Data Scientist with AI ML only for Houston TX Locals" class="hydrated"></apply-button-wc> is not clickable at point (1532, 285). Other element would receive the click: <login-dhi-modal class="theme-dice sc-login-modal sc-login-dhi-modal-h sc-login-dhi-modal-s hydrated" id="dhi-modal_yiVuE81R90">...</login-dhi-modal>
  (Session info: chrome=136.0.7103.94)
Stacktrace:
#0 0x55a1c33f475a <unknown>
#1 0x55a1c2e970a0 <unknown>
#2 0x55a1c2eef84c <unknown>
#3 0x55a1c2eed6ac <unknown>
#4 0x55a1c2eead42 <unknown>
#5 0x55a1c2eea440 <unknown>
#6 0x55a1c2edcb9d <unknown>
#7 0x55a1c2f0e3a2 <unknown>
#8 0x55a1c2edc51a <unknown>
#9 0x55a1c2f0e56e <unknown>
#10 0x55a1c2f342a0 <unknown>
#11 0x55a1c2f0e173 <unknown>
#12 0x55a1c2edad4b <unknown>
#13 0x55a1c2edb9b1 <unknown>
#14 0x55a1c33b990b <unknown>
#15 0x55a1c33bd80a <unknown>
#16 0x55a1c33a1662 <unknown>
#17 0x55a1c33be394 <unknown>
#18 0x55a1c338649f <unknown>
#19 0x55a1c33e2538 <unknown>
#20 0x55a1c33e2716 <unknown>
#21 0x55a1c33f35c6 <unknown>
#22 0x7fcaeb89caa4 <unknown>
#23 0x7fcaeb929c3c <unknown>

2025-05-16 07:21:55,087 - INFO - SAVED: Senior Data Scientist
2025-05-16 07:22:04,350 - ERROR - FAILED to apply for Senior Data Scientist - https://www.dice.com/job-detail/69f95dda-1eb1-4208-bb5d-d93af39b43c7: Message: element click intercepted: Element <apply-button-wc job-id="69f95dda-1eb1-4208-bb5d-d93af39b43c7" job-title="Senior Data Scientist" class="hydrated"></apply-button-wc> is not clickable at point (1532, 285). Other element would receive the click: <login-dhi-modal class="theme-dice sc-login-modal sc-login-dhi-modal-h sc-login-dhi-modal-s hydrated" id="dhi-modal_aZLLPyNwje">...</login-dhi-modal>
  (Session info: chrome=136.0.7103.94)
Stacktrace:
#0 0x55a1c33f475a <unknown>
#1 0x55a1c2e970a0 <unknown>
#2 0x55a1c2eef84c <unknown>
#3 0x55a1c2eed6ac <unknown>
#4 0x55a1c2eead42 <unknown>
#5 0x55a1c2eea440 <unknown>
#6 0x55a1c2edcb9d <unknown>
#7 0x55a1c2f0e3a2 <unknown>
#8 0x55a1c2edc51a <unknown>
#9 0x55a1c2f0e56e <unknown>
#10 0x55a1c2f342a0 <unknown>
#11 0x55a1c2f0e173 <unknown>
#12 0x55a1c2edad4b <unknown>
#13 0x55a1c2edb9b1 <unknown>
#14 0x55a1c33b990b <unknown>
#15 0x55a1c33bd80a <unknown>
#16 0x55a1c33a1662 <unknown>
#17 0x55a1c33be394 <unknown>
#18 0x55a1c338649f <unknown>
#19 0x55a1c33e2538 <unknown>
#20 0x55a1c33e2716 <unknown>
#21 0x55a1c33f35c6 <unknown>
#22 0x7fcaeb89caa4 <unknown>
#23 0x7fcaeb929c3c <unknown>

2025-05-16 07:22:13,113 - INFO - SAVED: Data Scientist
2025-05-16 07:22:22,349 - ERROR - FAILED to apply for Data Scientist - https://www.dice.com/job-detail/da48716c-dadb-4448-a8be-a4b8fcca52ce: Message: element click intercepted: Element <apply-button-wc job-id="da48716c-dadb-4448-a8be-a4b8fcca52ce" job-title="Data Scientist" class="hydrated"></apply-button-wc> is not clickable at point (1532, 285). Other element would receive the click: <login-dhi-modal class="theme-dice sc-login-modal sc-login-dhi-modal-h sc-login-dhi-modal-s hydrated" id="dhi-modal_sXozK_wErw">...</login-dhi-modal>
  (Session info: chrome=136.0.7103.94)
Stacktrace:
#0 0x55a1c33f475a <unknown>
#1 0x55a1c2e970a0 <unknown>
#2 0x55a1c2eef84c <unknown>
#3 0x55a1c2eed6ac <unknown>
#4 0x55a1c2eead42 <unknown>
#5 0x55a1c2eea440 <unknown>
#6 0x55a1c2edcb9d <unknown>
#7 0x55a1c2f0e3a2 <unknown>
#8 0x55a1c2edc51a <unknown>
#9 0x55a1c2f0e56e <unknown>
#10 0x55a1c2f342a0 <unknown>
#11 0x55a1c2f0e173 <unknown>
#12 0x55a1c2edad4b <unknown>
#13 0x55a1c2edb9b1 <unknown>
#14 0x55a1c33b990b <unknown>
#15 0x55a1c33bd80a <unknown>
#16 0x55a1c33a1662 <unknown>
#17 0x55a1c33be394 <unknown>
#18 0x55a1c338649f <unknown>
#19 0x55a1c33e2538 <unknown>
#20 0x55a1c33e2716 <unknown>
#21 0x55a1c33f35c6 <unknown>
#22 0x7fcaeb89caa4 <unknown>
#23 0x7fcaeb929c3c <unknown>

2025-05-16 07:22:31,447 - INFO - SAVED: AI/Data Scientist consultant
2025-05-16 07:22:40,720 - ERROR - FAILED to apply for AI/Data Scientist consultant - https://www.dice.com/job-detail/497d656d-37ec-43cd-a0cd-42b4a48a7639: Message: element click intercepted: Element <apply-button-wc job-id="497d656d-37ec-43cd-a0cd-42b4a48a7639" job-title="AI/Data Scientist consultant" class="hydrated"></apply-button-wc> is not clickable at point (1532, 285). Other element would receive the click: <login-dhi-modal class="theme-dice sc-login-modal sc-login-dhi-modal-h sc-login-dhi-modal-s hydrated" id="dhi-modal_p-ew3cwdfG">...</login-dhi-modal>
  (Session info: chrome=136.0.7103.94)
Stacktrace:
#0 0x55a1c33f475a <unknown>
#1 0x55a1c2e970a0 <unknown>
#2 0x55a1c2eef84c <unknown>
#3 0x55a1c2eed6ac <unknown>
#4 0x55a1c2eead42 <unknown>
#5 0x55a1c2eea440 <unknown>
#6 0x55a1c2edcb9d <unknown>
#7 0x55a1c2f0e3a2 <unknown>
#8 0x55a1c2edc51a <unknown>
#9 0x55a1c2f0e56e <unknown>
#10 0x55a1c2f342a0 <unknown>
#11 0x55a1c2f0e173 <unknown>
#12 0x55a1c2edad4b <unknown>
#13 0x55a1c2edb9b1 <unknown>
#14 0x55a1c33b990b <unknown>
#15 0x55a1c33bd80a <unknown>
#16 0x55a1c33a1662 <unknown>
#17 0x55a1c33be394 <unknown>
#18 0x55a1c338649f <unknown>
#19 0x55a1c33e2538 <unknown>
#20 0x55a1c33e2716 <unknown>
#21 0x55a1c33f35c6 <unknown>
#22 0x7fcaeb89caa4 <unknown>
#23 0x7fcaeb929c3c <unknown>

2025-05-16 07:22:49,422 - INFO - SAVED: Lead Data Scientist (PhD) - Intelligent Forecast Application
2025-05-16 07:22:58,637 - ERROR - FAILED to apply for Lead Data Scientist (PhD) - Intelligent Forecast Application - https://www.dice.com/job-detail/e6b384ed-56a4-41e8-b690-69d18fbeee17: Message: element click intercepted: Element <apply-button-wc job-id="e6b384ed-56a4-41e8-b690-69d18fbeee17" job-title="Lead Data Scientist (PhD) - Intelligent Forecast Application" class="hydrated"></apply-button-wc> is not clickable at point (1532, 285). Other element would receive the click: <login-dhi-modal class="theme-dice sc-login-modal sc-login-dhi-modal-h sc-login-dhi-modal-s hydrated" id="dhi-modal_aAQ9BgzrrF">...</login-dhi-modal>
  (Session info: chrome=136.0.7103.94)
Stacktrace:
#0 0x55a1c33f475a <unknown>
#1 0x55a1c2e970a0 <unknown>
#2 0x55a1c2eef84c <unknown>
#3 0x55a1c2eed6ac <unknown>
#4 0x55a1c2eead42 <unknown>
#5 0x55a1c2eea440 <unknown>
#6 0x55a1c2edcb9d <unknown>
#7 0x55a1c2f0e3a2 <unknown>
#8 0x55a1c2edc51a <unknown>
#9 0x55a1c2f0e56e <unknown>
#10 0x55a1c2f342a0 <unknown>
#11 0x55a1c2f0e173 <unknown>
#12 0x55a1c2edad4b <unknown>
#13 0x55a1c2edb9b1 <unknown>
#14 0x55a1c33b990b <unknown>
#15 0x55a1c33bd80a <unknown>
#16 0x55a1c33a1662 <unknown>
#17 0x55a1c33be394 <unknown>
#18 0x55a1c338649f <unknown>
#19 0x55a1c33e2538 <unknown>
#20 0x55a1c33e2716 <unknown>
#21 0x55a1c33f35c6 <unknown>
#22 0x7fcaeb89caa4 <unknown>
#23 0x7fcaeb929c3c <unknown>

2025-05-16 07:23:07,377 - INFO - SAVED: Data Scientist
2025-05-16 07:23:16,585 - ERROR - FAILED to apply for Data Scientist - https://www.dice.com/job-detail/3bf6d98e-bc04-4be0-82ea-59591dd9abc2: Message: element click intercepted: Element <apply-button-wc job-id="3bf6d98e-bc04-4be0-82ea-59591dd9abc2" job-title="Data Scientist" class="hydrated"></apply-button-wc> is not clickable at point (1532, 285). Other element would receive the click: <login-dhi-modal class="theme-dice sc-login-modal sc-login-dhi-modal-h sc-login-dhi-modal-s hydrated" id="dhi-modal_iqz2SlWAls">...</login-dhi-modal>
  (Session info: chrome=136.0.7103.94)
Stacktrace:
#0 0x55a1c33f475a <unknown>
#1 0x55a1c2e970a0 <unknown>
#2 0x55a1c2eef84c <unknown>
#3 0x55a1c2eed6ac <unknown>
#4 0x55a1c2eead42 <unknown>
#5 0x55a1c2eea440 <unknown>
#6 0x55a1c2edcb9d <unknown>
#7 0x55a1c2f0e3a2 <unknown>
#8 0x55a1c2edc51a <unknown>
#9 0x55a1c2f0e56e <unknown>
#10 0x55a1c2f342a0 <unknown>
#11 0x55a1c2f0e173 <unknown>
#12 0x55a1c2edad4b <unknown>
#13 0x55a1c2edb9b1 <unknown>
#14 0x55a1c33b990b <unknown>
#15 0x55a1c33bd80a <unknown>
#16 0x55a1c33a1662 <unknown>
#17 0x55a1c33be394 <unknown>
#18 0x55a1c338649f <unknown>
#19 0x55a1c33e2538 <unknown>
#20 0x55a1c33e2716 <unknown>
#21 0x55a1c33f35c6 <unknown>
#22 0x7fcaeb89caa4 <unknown>
#23 0x7fcaeb929c3c <unknown>

2025-05-16 07:23:26,863 - INFO - SAVED: Data Scientist - REMOTE
2025-05-16 07:23:36,046 - ERROR - FAILED to apply for Data Scientist - REMOTE - https://www.dice.com/job-detail/04ae0fbb-0568-4b43-8261-aed9e9cec79a: Message: element click intercepted: Element <apply-button-wc job-id="04ae0fbb-0568-4b43-8261-aed9e9cec79a" job-title="Data Scientist - REMOTE" class="hydrated"></apply-button-wc> is not clickable at point (1532, 285). Other element would receive the click: <login-dhi-modal class="theme-dice sc-login-modal sc-login-dhi-modal-h sc-login-dhi-modal-s hydrated" id="dhi-modal_C7DyKrTSEP">...</login-dhi-modal>
  (Session info: chrome=136.0.7103.94)
Stacktrace:
#0 0x55a1c33f475a <unknown>
#1 0x55a1c2e970a0 <unknown>
#2 0x55a1c2eef84c <unknown>
#3 0x55a1c2eed6ac <unknown>
#4 0x55a1c2eead42 <unknown>
#5 0x55a1c2eea440 <unknown>
#6 0x55a1c2edcb9d <unknown>
#7 0x55a1c2f0e3a2 <unknown>
#8 0x55a1c2edc51a <unknown>
#9 0x55a1c2f0e56e <unknown>
#10 0x55a1c2f342a0 <unknown>
#11 0x55a1c2f0e173 <unknown>
#12 0x55a1c2edad4b <unknown>
#13 0x55a1c2edb9b1 <unknown>
#14 0x55a1c33b990b <unknown>
#15 0x55a1c33bd80a <unknown>
#16 0x55a1c33a1662 <unknown>
#17 0x55a1c33be394 <unknown>
#18 0x55a1c338649f <unknown>
#19 0x55a1c33e2538 <unknown>
#20 0x55a1c33e2716 <unknown>
#21 0x55a1c33f35c6 <unknown>
#22 0x7fcaeb89caa4 <unknown>
#23 0x7fcaeb929c3c <unknown>

2025-05-16 07:23:45,209 - INFO - SAVED: Data Scientist
2025-05-16 07:23:54,381 - ERROR - FAILED to apply for Data Scientist - https://www.dice.com/job-detail/c0c8041b-ae1d-4103-a8e6-8ab8d5417d21: Message: element click intercepted: Element <apply-button-wc job-id="c0c8041b-ae1d-4103-a8e6-8ab8d5417d21" job-title="Data Scientist" class="hydrated"></apply-button-wc> is not clickable at point (1532, 285). Other element would receive the click: <login-dhi-modal class="theme-dice sc-login-modal sc-login-dhi-modal-h sc-login-dhi-modal-s hydrated" id="dhi-modal_FQ7YMv9F1D">...</login-dhi-modal>
  (Session info: chrome=136.0.7103.94)
Stacktrace:
#0 0x55a1c33f475a <unknown>
#1 0x55a1c2e970a0 <unknown>
#2 0x55a1c2eef84c <unknown>
#3 0x55a1c2eed6ac <unknown>
#4 0x55a1c2eead42 <unknown>
#5 0x55a1c2eea440 <unknown>
#6 0x55a1c2edcb9d <unknown>
#7 0x55a1c2f0e3a2 <unknown>
#8 0x55a1c2edc51a <unknown>
#9 0x55a1c2f0e56e <unknown>
#10 0x55a1c2f342a0 <unknown>
#11 0x55a1c2f0e173 <unknown>
#12 0x55a1c2edad4b <unknown>
#13 0x55a1c2edb9b1 <unknown>
#14 0x55a1c33b990b <unknown>
#15 0x55a1c33bd80a <unknown>
#16 0x55a1c33a1662 <unknown>
#17 0x55a1c33be394 <unknown>
#18 0x55a1c338649f <unknown>
#19 0x55a1c33e2538 <unknown>
#20 0x55a1c33e2716 <unknown>
#21 0x55a1c33f35c6 <unknown>
#22 0x7fcaeb89caa4 <unknown>
#23 0x7fcaeb929c3c <unknown>

2025-05-16 07:24:03,511 - INFO - SAVED: Data Scientist
2025-05-16 07:24:12,708 - ERROR - FAILED to apply for Data Scientist - https://www.dice.com/job-detail/0fd81517-c389-48f3-9a53-fa4de70d7a7f: Message: element click intercepted: Element <apply-button-wc job-id="0fd81517-c389-48f3-9a53-fa4de70d7a7f" job-title="Data Scientist" class="hydrated"></apply-button-wc> is not clickable at point (1532, 285). Other element would receive the click: <login-dhi-modal class="theme-dice sc-login-modal sc-login-dhi-modal-h sc-login-dhi-modal-s hydrated" id="dhi-modal_ZuoXPt_Cb9">...</login-dhi-modal>
  (Session info: chrome=136.0.7103.94)
Stacktrace:
#0 0x55a1c33f475a <unknown>
#1 0x55a1c2e970a0 <unknown>
#2 0x55a1c2eef84c <unknown>
#3 0x55a1c2eed6ac <unknown>
#4 0x55a1c2eead42 <unknown>
#5 0x55a1c2eea440 <unknown>
#6 0x55a1c2edcb9d <unknown>
#7 0x55a1c2f0e3a2 <unknown>
#8 0x55a1c2edc51a <unknown>
#9 0x55a1c2f0e56e <unknown>
#10 0x55a1c2f342a0 <unknown>
#11 0x55a1c2f0e173 <unknown>
#12 0x55a1c2edad4b <unknown>
#13 0x55a1c2edb9b1 <unknown>
#14 0x55a1c33b990b <unknown>
#15 0x55a1c33bd80a <unknown>
#16 0x55a1c33a1662 <unknown>
#17 0x55a1c33be394 <unknown>
#18 0x55a1c338649f <unknown>
#19 0x55a1c33e2538 <unknown>
#20 0x55a1c33e2716 <unknown>
#21 0x55a1c33f35c6 <unknown>
#22 0x7fcaeb89caa4 <unknown>
#23 0x7fcaeb929c3c <unknown>

2025-05-16 07:24:21,524 - INFO - SAVED: Data scientist With AI
2025-05-16 07:24:30,725 - ERROR - FAILED to apply for Data scientist With AI - https://www.dice.com/job-detail/d191a7fe-2885-4523-9fa7-a6118888642b: Message: element click intercepted: Element <apply-button-wc job-id="d191a7fe-2885-4523-9fa7-a6118888642b" job-title="Data scientist With AI" class="hydrated"></apply-button-wc> is not clickable at point (1532, 285). Other element would receive the click: <login-dhi-modal class="theme-dice sc-login-modal sc-login-dhi-modal-h sc-login-dhi-modal-s hydrated" id="dhi-modal_tncJ0tEkuC">...</login-dhi-modal>
  (Session info: chrome=136.0.7103.94)
Stacktrace:
#0 0x55a1c33f475a <unknown>
#1 0x55a1c2e970a0 <unknown>
#2 0x55a1c2eef84c <unknown>
#3 0x55a1c2eed6ac <unknown>
#4 0x55a1c2eead42 <unknown>
#5 0x55a1c2eea440 <unknown>
#6 0x55a1c2edcb9d <unknown>
#7 0x55a1c2f0e3a2 <unknown>
#8 0x55a1c2edc51a <unknown>
#9 0x55a1c2f0e56e <unknown>
#10 0x55a1c2f342a0 <unknown>
#11 0x55a1c2f0e173 <unknown>
#12 0x55a1c2edad4b <unknown>
#13 0x55a1c2edb9b1 <unknown>
#14 0x55a1c33b990b <unknown>
#15 0x55a1c33bd80a <unknown>
#16 0x55a1c33a1662 <unknown>
#17 0x55a1c33be394 <unknown>
#18 0x55a1c338649f <unknown>
#19 0x55a1c33e2538 <unknown>
#20 0x55a1c33e2716 <unknown>
#21 0x55a1c33f35c6 <unknown>
#22 0x7fcaeb89caa4 <unknown>
#23 0x7fcaeb929c3c <unknown>

2025-05-16 07:24:39,390 - INFO - SAVED: Data Scientist
2025-05-16 07:24:48,575 - ERROR - FAILED to apply for Data Scientist - https://www.dice.com/job-detail/0b27e927-5a66-42e8-aee6-982a4c7744bf: Message: element click intercepted: Element <apply-button-wc job-id="0b27e927-5a66-42e8-aee6-982a4c7744bf" job-title="Data Scientist" class="hydrated"></apply-button-wc> is not clickable at point (1532, 285). Other element would receive the click: <login-dhi-modal class="theme-dice sc-login-modal sc-login-dhi-modal-h sc-login-dhi-modal-s hydrated" id="dhi-modal_-UktvtaXhO">...</login-dhi-modal>
  (Session info: chrome=136.0.7103.94)
Stacktrace:
#0 0x55a1c33f475a <unknown>
#1 0x55a1c2e970a0 <unknown>
#2 0x55a1c2eef84c <unknown>
#3 0x55a1c2eed6ac <unknown>
#4 0x55a1c2eead42 <unknown>
#5 0x55a1c2eea440 <unknown>
#6 0x55a1c2edcb9d <unknown>
#7 0x55a1c2f0e3a2 <unknown>
#8 0x55a1c2edc51a <unknown>
#9 0x55a1c2f0e56e <unknown>
#10 0x55a1c2f342a0 <unknown>
#11 0x55a1c2f0e173 <unknown>
#12 0x55a1c2edad4b <unknown>
#13 0x55a1c2edb9b1 <unknown>
#14 0x55a1c33b990b <unknown>
#15 0x55a1c33bd80a <unknown>
#16 0x55a1c33a1662 <unknown>
#17 0x55a1c33be394 <unknown>
#18 0x55a1c338649f <unknown>
#19 0x55a1c33e2538 <unknown>
#20 0x55a1c33e2716 <unknown>
#21 0x55a1c33f35c6 <unknown>
#22 0x7fcaeb89caa4 <unknown>
#23 0x7fcaeb929c3c <unknown>

2025-05-16 07:24:57,193 - INFO - SAVED: Data Scientist + Gen AI Lead/Architect
2025-05-16 07:25:06,422 - ERROR - FAILED to apply for Data Scientist + Gen AI Lead/Architect - https://www.dice.com/job-detail/9502cb98-a326-46af-9b53-6f78ff2353af: Message: element click intercepted: Element <apply-button-wc job-id="9502cb98-a326-46af-9b53-6f78ff2353af" job-title="Data Scientist + Gen AI Lead/Architect" class="hydrated"></apply-button-wc> is not clickable at point (1532, 285). Other element would receive the click: <login-dhi-modal class="theme-dice sc-login-modal sc-login-dhi-modal-h sc-login-dhi-modal-s hydrated" id="dhi-modal_F2OHgn265P">...</login-dhi-modal>
  (Session info: chrome=136.0.7103.94)
Stacktrace:
#0 0x55a1c33f475a <unknown>
#1 0x55a1c2e970a0 <unknown>
#2 0x55a1c2eef84c <unknown>
#3 0x55a1c2eed6ac <unknown>
#4 0x55a1c2eead42 <unknown>
#5 0x55a1c2eea440 <unknown>
#6 0x55a1c2edcb9d <unknown>
#7 0x55a1c2f0e3a2 <unknown>
#8 0x55a1c2edc51a <unknown>
#9 0x55a1c2f0e56e <unknown>
#10 0x55a1c2f342a0 <unknown>
#11 0x55a1c2f0e173 <unknown>
#12 0x55a1c2edad4b <unknown>
#13 0x55a1c2edb9b1 <unknown>
#14 0x55a1c33b990b <unknown>
#15 0x55a1c33bd80a <unknown>
#16 0x55a1c33a1662 <unknown>
#17 0x55a1c33be394 <unknown>
#18 0x55a1c338649f <unknown>
#19 0x55a1c33e2538 <unknown>
#20 0x55a1c33e2716 <unknown>
#21 0x55a1c33f35c6 <unknown>
#22 0x7fcaeb89caa4 <unknown>
#23 0x7fcaeb929c3c <unknown>

2025-05-16 07:25:14,990 - INFO - SAVED: Data Scientist with AI SME
2025-05-16 07:25:24,201 - ERROR - FAILED to apply for Data Scientist with AI SME - https://www.dice.com/job-detail/9e15ba40-fa49-42e7-b491-35066f40ae58: Message: element click intercepted: Element <apply-button-wc job-id="9e15ba40-fa49-42e7-b491-35066f40ae58" job-title="Data Scientist with AI SME" class="hydrated"></apply-button-wc> is not clickable at point (1532, 285). Other element would receive the click: <login-dhi-modal class="theme-dice sc-login-modal sc-login-dhi-modal-h sc-login-dhi-modal-s hydrated" id="dhi-modal_ZtFMEYHgwW">...</login-dhi-modal>
  (Session info: chrome=136.0.7103.94)
Stacktrace:
#0 0x55a1c33f475a <unknown>
#1 0x55a1c2e970a0 <unknown>
#2 0x55a1c2eef84c <unknown>
#3 0x55a1c2eed6ac <unknown>
#4 0x55a1c2eead42 <unknown>
#5 0x55a1c2eea440 <unknown>
#6 0x55a1c2edcb9d <unknown>
#7 0x55a1c2f0e3a2 <unknown>
#8 0x55a1c2edc51a <unknown>
#9 0x55a1c2f0e56e <unknown>
#10 0x55a1c2f342a0 <unknown>
#11 0x55a1c2f0e173 <unknown>
#12 0x55a1c2edad4b <unknown>
#13 0x55a1c2edb9b1 <unknown>
#14 0x55a1c33b990b <unknown>
#15 0x55a1c33bd80a <unknown>
#16 0x55a1c33a1662 <unknown>
#17 0x55a1c33be394 <unknown>
#18 0x55a1c338649f <unknown>
#19 0x55a1c33e2538 <unknown>
#20 0x55a1c33e2716 <unknown>
#21 0x55a1c33f35c6 <unknown>
#22 0x7fcaeb89caa4 <unknown>
#23 0x7fcaeb929c3c <unknown>

2025-05-16 07:25:32,809 - INFO - SAVED: Data Scientist with HIPAA, ICD, Medicare, Medicaid term experience - Woodland Hills, CA
2025-05-16 07:25:42,025 - ERROR - FAILED to apply for Data Scientist with HIPAA, ICD, Medicare, Medicaid term experience - Woodland Hills, CA - https://www.dice.com/job-detail/9af55b7a-55c3-4935-ae4e-5518df84fc86: Message: element click intercepted: Element <apply-button-wc job-id="9af55b7a-55c3-4935-ae4e-5518df84fc86" job-title="Data Scientist with HIPAA, ICD, Medicare, Medicaid term experience - Woodland Hills, CA" class="hydrated"></apply-button-wc> is not clickable at point (1532, 333). Other element would receive the click: <login-dhi-modal class="theme-dice sc-login-modal sc-login-dhi-modal-h sc-login-dhi-modal-s hydrated" id="dhi-modal_Yd3_MRemMS">...</login-dhi-modal>
  (Session info: chrome=136.0.7103.94)
Stacktrace:
#0 0x55a1c33f475a <unknown>
#1 0x55a1c2e970a0 <unknown>
#2 0x55a1c2eef84c <unknown>
#3 0x55a1c2eed6ac <unknown>
#4 0x55a1c2eead42 <unknown>
#5 0x55a1c2eea440 <unknown>
#6 0x55a1c2edcb9d <unknown>
#7 0x55a1c2f0e3a2 <unknown>
#8 0x55a1c2edc51a <unknown>
#9 0x55a1c2f0e56e <unknown>
#10 0x55a1c2f342a0 <unknown>
#11 0x55a1c2f0e173 <unknown>
#12 0x55a1c2edad4b <unknown>
#13 0x55a1c2edb9b1 <unknown>
#14 0x55a1c33b990b <unknown>
#15 0x55a1c33bd80a <unknown>
#16 0x55a1c33a1662 <unknown>
#17 0x55a1c33be394 <unknown>
#18 0x55a1c338649f <unknown>
#19 0x55a1c33e2538 <unknown>
#20 0x55a1c33e2716 <unknown>
#21 0x55a1c33f35c6 <unknown>
#22 0x7fcaeb89caa4 <unknown>
#23 0x7fcaeb929c3c <unknown>

2025-05-16 07:25:50,814 - INFO - SAVED: Data Scientist with AWS
2025-05-16 07:26:00,072 - ERROR - FAILED to apply for Data Scientist with AWS - https://www.dice.com/job-detail/7a805722-1957-4d67-9f4e-a3d4c03485a3: Message: element click intercepted: Element <apply-button-wc job-id="7a805722-1957-4d67-9f4e-a3d4c03485a3" job-title="Data Scientist with AWS" class="hydrated"></apply-button-wc> is not clickable at point (1532, 285). Other element would receive the click: <login-dhi-modal class="theme-dice sc-login-modal sc-login-dhi-modal-h sc-login-dhi-modal-s hydrated" id="dhi-modal_HRaWErvCda">...</login-dhi-modal>
  (Session info: chrome=136.0.7103.94)
Stacktrace:
#0 0x55a1c33f475a <unknown>
#1 0x55a1c2e970a0 <unknown>
#2 0x55a1c2eef84c <unknown>
#3 0x55a1c2eed6ac <unknown>
#4 0x55a1c2eead42 <unknown>
#5 0x55a1c2eea440 <unknown>
#6 0x55a1c2edcb9d <unknown>
#7 0x55a1c2f0e3a2 <unknown>
#8 0x55a1c2edc51a <unknown>
#9 0x55a1c2f0e56e <unknown>
#10 0x55a1c2f342a0 <unknown>
#11 0x55a1c2f0e173 <unknown>
#12 0x55a1c2edad4b <unknown>
#13 0x55a1c2edb9b1 <unknown>
#14 0x55a1c33b990b <unknown>
#15 0x55a1c33bd80a <unknown>
#16 0x55a1c33a1662 <unknown>
#17 0x55a1c33be394 <unknown>
#18 0x55a1c338649f <unknown>
#19 0x55a1c33e2538 <unknown>
#20 0x55a1c33e2716 <unknown>
#21 0x55a1c33f35c6 <unknown>
#22 0x7fcaeb89caa4 <unknown>
#23 0x7fcaeb929c3c <unknown>

2025-05-16 07:26:08,671 - INFO - SAVED: DATA SCIENTIST
2025-05-16 07:26:17,886 - ERROR - FAILED to apply for DATA SCIENTIST - https://www.dice.com/job-detail/3c6d407c-8258-4529-a8c8-b75df02495f9: Message: element click intercepted: Element <apply-button-wc job-id="3c6d407c-8258-4529-a8c8-b75df02495f9" job-title="DATA SCIENTIST" class="hydrated"></apply-button-wc> is not clickable at point (1532, 285). Other element would receive the click: <login-dhi-modal class="theme-dice sc-login-modal sc-login-dhi-modal-h sc-login-dhi-modal-s hydrated" id="dhi-modal_wnsiTVG5lk">...</login-dhi-modal>
  (Session info: chrome=136.0.7103.94)
Stacktrace:
#0 0x55a1c33f475a <unknown>
#1 0x55a1c2e970a0 <unknown>
#2 0x55a1c2eef84c <unknown>
#3 0x55a1c2eed6ac <unknown>
#4 0x55a1c2eead42 <unknown>
#5 0x55a1c2eea440 <unknown>
#6 0x55a1c2edcb9d <unknown>
#7 0x55a1c2f0e3a2 <unknown>
#8 0x55a1c2edc51a <unknown>
#9 0x55a1c2f0e56e <unknown>
#10 0x55a1c2f342a0 <unknown>
#11 0x55a1c2f0e173 <unknown>
#12 0x55a1c2edad4b <unknown>
#13 0x55a1c2edb9b1 <unknown>
#14 0x55a1c33b990b <unknown>
#15 0x55a1c33bd80a <unknown>
#16 0x55a1c33a1662 <unknown>
#17 0x55a1c33be394 <unknown>
#18 0x55a1c338649f <unknown>
#19 0x55a1c33e2538 <unknown>
#20 0x55a1c33e2716 <unknown>
#21 0x55a1c33f35c6 <unknown>
#22 0x7fcaeb89caa4 <unknown>
#23 0x7fcaeb929c3c <unknown>

2025-05-16 07:26:27,018 - INFO - SAVED: NLP Data Scientist
2025-05-16 07:26:36,220 - ERROR - FAILED to apply for NLP Data Scientist - https://www.dice.com/job-detail/a1d4df07-abd6-4e54-af64-188c53bfd25a: Message: element click intercepted: Element <apply-button-wc job-id="a1d4df07-abd6-4e54-af64-188c53bfd25a" job-title="NLP Data Scientist" class="hydrated"></apply-button-wc> is not clickable at point (1532, 285). Other element would receive the click: <login-dhi-modal class="theme-dice sc-login-modal sc-login-dhi-modal-h sc-login-dhi-modal-s hydrated" id="dhi-modal_OYPPdYlH4G">...</login-dhi-modal>
  (Session info: chrome=136.0.7103.94)
Stacktrace:
#0 0x55a1c33f475a <unknown>
#1 0x55a1c2e970a0 <unknown>
#2 0x55a1c2eef84c <unknown>
#3 0x55a1c2eed6ac <unknown>
#4 0x55a1c2eead42 <unknown>
#5 0x55a1c2eea440 <unknown>
#6 0x55a1c2edcb9d <unknown>
#7 0x55a1c2f0e3a2 <unknown>
#8 0x55a1c2edc51a <unknown>
#9 0x55a1c2f0e56e <unknown>
#10 0x55a1c2f342a0 <unknown>
#11 0x55a1c2f0e173 <unknown>
#12 0x55a1c2edad4b <unknown>
#13 0x55a1c2edb9b1 <unknown>
#14 0x55a1c33b990b <unknown>
#15 0x55a1c33bd80a <unknown>
#16 0x55a1c33a1662 <unknown>
#17 0x55a1c33be394 <unknown>
#18 0x55a1c338649f <unknown>
#19 0x55a1c33e2538 <unknown>
#20 0x55a1c33e2716 <unknown>
#21 0x55a1c33f35c6 <unknown>
#22 0x7fcaeb89caa4 <unknown>
#23 0x7fcaeb929c3c <unknown>

2025-05-16 07:26:44,866 - INFO - SAVED: Data Scientist with Healthcare, Woodland Hills, CA (Hybrid)-Local to CA-C2C- CH
2025-05-16 07:26:54,092 - ERROR - FAILED to apply for Data Scientist with Healthcare, Woodland Hills, CA (Hybrid)-Local to CA-C2C- CH - https://www.dice.com/job-detail/5d13e799-a88f-4f85-ada6-b32f7fb86027: Message: element click intercepted: Element <apply-button-wc job-id="5d13e799-a88f-4f85-ada6-b32f7fb86027" job-title="Data Scientist with Healthcare, Woodland Hills, CA (Hybrid)-Local to CA-C2C- CH" class="hydrated"></apply-button-wc> is not clickable at point (1532, 333). Other element would receive the click: <login-dhi-modal class="theme-dice sc-login-modal sc-login-dhi-modal-h sc-login-dhi-modal-s hydrated" id="dhi-modal_EhQEG224fJ">...</login-dhi-modal>
  (Session info: chrome=136.0.7103.94)
Stacktrace:
#0 0x55a1c33f475a <unknown>
#1 0x55a1c2e970a0 <unknown>
#2 0x55a1c2eef84c <unknown>
#3 0x55a1c2eed6ac <unknown>
#4 0x55a1c2eead42 <unknown>
#5 0x55a1c2eea440 <unknown>
#6 0x55a1c2edcb9d <unknown>
#7 0x55a1c2f0e3a2 <unknown>
#8 0x55a1c2edc51a <unknown>
#9 0x55a1c2f0e56e <unknown>
#10 0x55a1c2f342a0 <unknown>
#11 0x55a1c2f0e173 <unknown>
#12 0x55a1c2edad4b <unknown>
#13 0x55a1c2edb9b1 <unknown>
#14 0x55a1c33b990b <unknown>
#15 0x55a1c33bd80a <unknown>
#16 0x55a1c33a1662 <unknown>
#17 0x55a1c33be394 <unknown>
#18 0x55a1c338649f <unknown>
#19 0x55a1c33e2538 <unknown>
#20 0x55a1c33e2716 <unknown>
#21 0x55a1c33f35c6 <unknown>
#22 0x7fcaeb89caa4 <unknown>
#23 0x7fcaeb929c3c <unknown>

2025-05-16 07:27:03,200 - INFO - SAVED: Machine Learning Engineer with Generative AI
2025-05-16 07:27:12,382 - ERROR - FAILED to apply for Machine Learning Engineer with Generative AI - https://www.dice.com/job-detail/c26b3837-b371-4645-9bb8-eb20cdf60eaa: Message: element click intercepted: Element <apply-button-wc job-id="c26b3837-b371-4645-9bb8-eb20cdf60eaa" job-title="Machine Learning Engineer with Generative AI" class="hydrated"></apply-button-wc> is not clickable at point (1532, 285). Other element would receive the click: <login-dhi-modal class="theme-dice sc-login-modal sc-login-dhi-modal-h sc-login-dhi-modal-s hydrated" id="dhi-modal_soS9nu-S21">...</login-dhi-modal>
  (Session info: chrome=136.0.7103.94)
Stacktrace:
#0 0x55a1c33f475a <unknown>
#1 0x55a1c2e970a0 <unknown>
#2 0x55a1c2eef84c <unknown>
#3 0x55a1c2eed6ac <unknown>
#4 0x55a1c2eead42 <unknown>
#5 0x55a1c2eea440 <unknown>
#6 0x55a1c2edcb9d <unknown>
#7 0x55a1c2f0e3a2 <unknown>
#8 0x55a1c2edc51a <unknown>
#9 0x55a1c2f0e56e <unknown>
#10 0x55a1c2f342a0 <unknown>
#11 0x55a1c2f0e173 <unknown>
#12 0x55a1c2edad4b <unknown>
#13 0x55a1c2edb9b1 <unknown>
#14 0x55a1c33b990b <unknown>
#15 0x55a1c33bd80a <unknown>
#16 0x55a1c33a1662 <unknown>
#17 0x55a1c33be394 <unknown>
#18 0x55a1c338649f <unknown>
#19 0x55a1c33e2538 <unknown>
#20 0x55a1c33e2716 <unknown>
#21 0x55a1c33f35c6 <unknown>
#22 0x7fcaeb89caa4 <unknown>
#23 0x7fcaeb929c3c <unknown>

2025-05-16 07:27:12,560 - INFO - [DONE] Newly applied: 0 out of 39 Easy Apply jobs (Total in CSV: 39)
